d:\pg2019\code\texturemappingnonrigid\x64\release\vc140.pdb
d:\pg2019\code\texturemappingnonrigid\x64\release\texture.obj
d:\pg2019\code\texturemappingnonrigid\x64\release\simplifier.obj
d:\pg2019\code\texturemappingnonrigid\x64\release\shader_utils.obj
d:\pg2019\code\texturemappingnonrigid\x64\release\renderer.obj
d:\pg2019\code\texturemappingnonrigid\x64\release\mapper4d.obj
d:\pg2019\code\texturemappingnonrigid\x64\release\main.obj
d:\pg2019\code\texturemappingnonrigid\x64\release\config_utils.obj
d:\pg2019\code\bin\release\texturemappingnonrigid.exe
d:\pg2019\code\bin\release\texturemappingnonrigid.ipdb
d:\pg2019\code\bin\release\texturemappingnonrigid.iobj
d:\pg2019\code\bin\release\texturemappingnonrigid.pdb
d:\pg2019\code\texturemappingnonrigid\x64\release\optimizer.cu.cache
d:\pg2019\code\texturemappingnonrigid\x64\release\optimizer.cu.obj
d:\pg2019\code\texturemappingnonrigid\x64\release\texturem.fd84dc8e.tlog\cl.command.1.tlog
d:\pg2019\code\texturemappingnonrigid\x64\release\texturem.fd84dc8e.tlog\cl.read.1.tlog
d:\pg2019\code\texturemappingnonrigid\x64\release\texturem.fd84dc8e.tlog\cl.write.1.tlog
d:\pg2019\code\texturemappingnonrigid\x64\release\texturem.fd84dc8e.tlog\link.command.1.tlog
d:\pg2019\code\texturemappingnonrigid\x64\release\texturem.fd84dc8e.tlog\link.read.1.tlog
d:\pg2019\code\texturemappingnonrigid\x64\release\texturem.fd84dc8e.tlog\link.write.1.tlog
